<?xml version="1.0" encoding="UTF-8"?>
<!-- Generated by org.testng.reporters.JUnitXMLReporter -->
<testsuite ignored="0" hostname="DESKTOP-OFIDLPQ" failures="2" tests="3" name="testngtestLogin" time="0.08" errors="0" timestamp="2022-04-20T07:32:17 IST">
  <testcase classname="mykademyTests.Login" name="Login_Error_Check" time="0.007">
    <failure type="java.lang.NullPointerException" message="Cannot invoke &amp;quot;org.openqa.selenium.WebDriver.findElement(org.openqa.selenium.By)&amp;quot; because the return value of &amp;quot;mykademyTests.Login.getDriver()&amp;quot; is null">
      <![CDATA[java.lang.NullPointerException: Cannot invoke "org.openqa.selenium.WebDriver.findElement(org.openqa.selenium.By)" because the return value of "mykademyTests.Login.getDriver()" is null
at mykademyTests.Login.Login_Error_Check(Login.java:13)
at java.base/java.util.ArrayList.forEach(ArrayList.java:1511)
... Removed 27 stack frames]]>
    </failure>
  </testcase> <!-- Login_Error_Check -->
  <testcase classname="mykademyTests.Login" name="Login_Check" time="0.004">
    <failure type="java.lang.NullPointerException" message="Cannot invoke &amp;quot;org.openqa.selenium.WebDriver.findElement(org.openqa.selenium.By)&amp;quot; because the return value of &amp;quot;mykademyTests.Login.getDriver()&amp;quot; is null">
      <![CDATA[java.lang.NullPointerException: Cannot invoke "org.openqa.selenium.WebDriver.findElement(org.openqa.selenium.By)" because the return value of "mykademyTests.Login.getDriver()" is null
at mykademyTests.Login.Login_Check(Login.java:31)
at java.base/java.util.ArrayList.forEach(ArrayList.java:1511)
... Removed 27 stack frames]]>
    </failure>
  </testcase> <!-- Login_Check -->
  <testcase classname="mykademyTests.Login" name="teaDown" time="0.0">
    <skipped/>
  </testcase> <!-- teaDown -->
</testsuite> <!-- testngtestLogin -->
